2019-08-22 15:22:59,555 - ************************************************************** 
2019-08-22 15:22:59,555 - Starting Jakarta Velocity v1.4
2019-08-22 15:22:59,555 - RuntimeInstance initializing.
2019-08-22 15:22:59,555 - Default Properties File: org\apache\velocity\runtime\defaults\velocity.properties
2019-08-22 15:22:59,555 - Trying to use logger class org.apache.velocity.runtime.log.SimpleLog4JLogSystem
2019-08-22 15:22:59,555 - Using logger class org.apache.velocity.runtime.log.SimpleLog4JLogSystem
2019-08-22 15:22:59,557 - Default ResourceManager initializing. (class org.apache.velocity.runtime.resource.ResourceManagerImpl)
2019-08-22 15:22:59,559 - Resource Loader Instantiated: org.apache.velocity.runtime.resource.loader.ClasspathResourceLoader
2019-08-22 15:22:59,588 - ClasspathResourceLoader : initialization starting.
2019-08-22 15:22:59,588 - ClasspathResourceLoader : initialization complete.
2019-08-22 15:22:59,590 - ResourceCache : initialized. (class org.apache.velocity.runtime.resource.ResourceCacheImpl)
2019-08-22 15:22:59,591 - Default ResourceManager initialization complete.
2019-08-22 15:22:59,593 - Loaded System Directive: org.apache.velocity.runtime.directive.Literal
2019-08-22 15:22:59,595 - Loaded System Directive: org.apache.velocity.runtime.directive.Macro
2019-08-22 15:22:59,598 - Loaded System Directive: org.apache.velocity.runtime.directive.Parse
2019-08-22 15:22:59,601 - Loaded System Directive: org.apache.velocity.runtime.directive.Include
2019-08-22 15:22:59,602 - Loaded System Directive: org.apache.velocity.runtime.directive.Foreach
2019-08-22 15:22:59,632 - Created: 20 parsers.
2019-08-22 15:22:59,637 - Velocimacro : initialization starting.
2019-08-22 15:22:59,637 - Velocimacro : adding VMs from VM library template : VM_global_library.vm
2019-08-22 15:22:59,638 - ResourceManager : unable to find resource 'VM_global_library.vm' in any resource loader.
2019-08-22 15:22:59,639 - Velocimacro : error using  VM library template VM_global_library.vm : org.apache.velocity.exception.ResourceNotFoundException: Unable to find resource 'VM_global_library.vm'
2019-08-22 15:22:59,639 - Velocimacro :  VM library template macro registration complete.
2019-08-22 15:22:59,639 - Velocimacro : allowInline = true : VMs can be defined inline in templates
2019-08-22 15:22:59,639 - Velocimacro : allowInlineToOverride = false : VMs defined inline may NOT replace previous VM definitions
2019-08-22 15:22:59,639 - Velocimacro : allowInlineLocal = false : VMs defined inline will be  global in scope if allowed.
2019-08-22 15:22:59,639 - Velocimacro : messages on  : VM system will output logging messages
2019-08-22 15:22:59,639 - Velocimacro : autoload off  : VM system will not automatically reload global library macros
2019-08-22 15:22:59,639 - Velocimacro : initialization complete.
2019-08-22 15:22:59,639 - Velocity successfully started.
2019-08-22 15:33:28,395 - SimpleLog4JLogSystem initialized using logfile 'velocity.log'
2019-08-22 15:33:28,396 - ************************************************************** 
2019-08-22 15:33:28,396 - Starting Jakarta Velocity v1.4
2019-08-22 15:33:28,396 - RuntimeInstance initializing.
2019-08-22 15:33:28,396 - Default Properties File: org\apache\velocity\runtime\defaults\velocity.properties
2019-08-22 15:33:28,396 - Trying to use logger class org.apache.velocity.runtime.log.SimpleLog4JLogSystem
2019-08-22 15:33:28,396 - Using logger class org.apache.velocity.runtime.log.SimpleLog4JLogSystem
2019-08-22 15:33:28,400 - Default ResourceManager initializing. (class org.apache.velocity.runtime.resource.ResourceManagerImpl)
2019-08-22 15:33:28,403 - Resource Loader Instantiated: org.apache.velocity.runtime.resource.loader.ClasspathResourceLoader
2019-08-22 15:33:28,403 - ClasspathResourceLoader : initialization starting.
2019-08-22 15:33:28,404 - ClasspathResourceLoader : initialization complete.
2019-08-22 15:33:28,405 - ResourceCache : initialized. (class org.apache.velocity.runtime.resource.ResourceCacheImpl)
2019-08-22 15:33:28,406 - Default ResourceManager initialization complete.
2019-08-22 15:33:28,408 - Loaded System Directive: org.apache.velocity.runtime.directive.Literal
2019-08-22 15:33:28,411 - Loaded System Directive: org.apache.velocity.runtime.directive.Macro
2019-08-22 15:33:28,416 - Loaded System Directive: org.apache.velocity.runtime.directive.Parse
2019-08-22 15:33:28,418 - Loaded System Directive: org.apache.velocity.runtime.directive.Include
2019-08-22 15:33:28,420 - Loaded System Directive: org.apache.velocity.runtime.directive.Foreach
2019-08-22 15:33:28,459 - Created: 20 parsers.
2019-08-22 15:33:28,467 - Velocimacro : initialization starting.
2019-08-22 15:33:28,467 - Velocimacro : adding VMs from VM library template : VM_global_library.vm
2019-08-22 15:33:28,471 - ResourceManager : unable to find resource 'VM_global_library.vm' in any resource loader.
2019-08-22 15:33:28,471 - Velocimacro : error using  VM library template VM_global_library.vm : org.apache.velocity.exception.ResourceNotFoundException: Unable to find resource 'VM_global_library.vm'
2019-08-22 15:33:28,471 - Velocimacro :  VM library template macro registration complete.
2019-08-22 15:33:28,471 - Velocimacro : allowInline = true : VMs can be defined inline in templates
2019-08-22 15:33:28,471 - Velocimacro : allowInlineToOverride = false : VMs defined inline may NOT replace previous VM definitions
2019-08-22 15:33:28,471 - Velocimacro : allowInlineLocal = false : VMs defined inline will be  global in scope if allowed.
2019-08-22 15:33:28,471 - Velocimacro : messages on  : VM system will output logging messages
2019-08-22 15:33:28,471 - Velocimacro : autoload off  : VM system will not automatically reload global library macros
2019-08-22 15:33:28,472 - Velocimacro : initialization complete.
2019-08-22 15:33:28,472 - Velocity successfully started.
2019-08-22 15:35:40,493 - SimpleLog4JLogSystem initialized using logfile 'velocity.log'
2019-08-22 15:35:40,493 - ************************************************************** 
2019-08-22 15:35:40,494 - Starting Jakarta Velocity v1.4
2019-08-22 15:35:40,494 - RuntimeInstance initializing.
2019-08-22 15:35:40,494 - Default Properties File: org\apache\velocity\runtime\defaults\velocity.properties
2019-08-22 15:35:40,494 - Trying to use logger class org.apache.velocity.runtime.log.SimpleLog4JLogSystem
2019-08-22 15:35:40,494 - Using logger class org.apache.velocity.runtime.log.SimpleLog4JLogSystem
2019-08-22 15:35:40,497 - Default ResourceManager initializing. (class org.apache.velocity.runtime.resource.ResourceManagerImpl)
2019-08-22 15:35:40,500 - Resource Loader Instantiated: org.apache.velocity.runtime.resource.loader.ClasspathResourceLoader
2019-08-22 15:35:40,500 - ClasspathResourceLoader : initialization starting.
2019-08-22 15:35:40,501 - ClasspathResourceLoader : initialization complete.
2019-08-22 15:35:40,503 - ResourceCache : initialized. (class org.apache.velocity.runtime.resource.ResourceCacheImpl)
2019-08-22 15:35:40,503 - Default ResourceManager initialization complete.
2019-08-22 15:35:40,504 - Loaded System Directive: org.apache.velocity.runtime.directive.Literal
2019-08-22 15:35:40,507 - Loaded System Directive: org.apache.velocity.runtime.directive.Macro
2019-08-22 15:35:40,510 - Loaded System Directive: org.apache.velocity.runtime.directive.Parse
2019-08-22 15:35:40,512 - Loaded System Directive: org.apache.velocity.runtime.directive.Include
2019-08-22 15:35:40,514 - Loaded System Directive: org.apache.velocity.runtime.directive.Foreach
2019-08-22 15:35:40,564 - Created: 20 parsers.
2019-08-22 15:35:40,580 - Velocimacro : initialization starting.
2019-08-22 15:35:40,580 - Velocimacro : adding VMs from VM library template : VM_global_library.vm
2019-08-22 15:35:40,587 - ResourceManager : unable to find resource 'VM_global_library.vm' in any resource loader.
2019-08-22 15:35:40,587 - Velocimacro : error using  VM library template VM_global_library.vm : org.apache.velocity.exception.ResourceNotFoundException: Unable to find resource 'VM_global_library.vm'
2019-08-22 15:35:40,587 - Velocimacro :  VM library template macro registration complete.
2019-08-22 15:35:40,587 - Velocimacro : allowInline = true : VMs can be defined inline in templates
2019-08-22 15:35:40,587 - Velocimacro : allowInlineToOverride = false : VMs defined inline may NOT replace previous VM definitions
2019-08-22 15:35:40,587 - Velocimacro : allowInlineLocal = false : VMs defined inline will be  global in scope if allowed.
2019-08-22 15:35:40,588 - Velocimacro : messages on  : VM system will output logging messages
2019-08-22 15:35:40,588 - Velocimacro : autoload off  : VM system will not automatically reload global library macros
2019-08-22 15:35:40,588 - Velocimacro : initialization complete.
2019-08-22 15:35:40,588 - Velocity successfully started.
2019-08-22 15:36:42,824 - SimpleLog4JLogSystem initialized using logfile 'velocity.log'
2019-08-22 15:36:42,825 - ************************************************************** 
2019-08-22 15:36:42,825 - Starting Jakarta Velocity v1.4
2019-08-22 15:36:42,825 - RuntimeInstance initializing.
2019-08-22 15:36:42,825 - Default Properties File: org\apache\velocity\runtime\defaults\velocity.properties
2019-08-22 15:36:42,826 - Trying to use logger class org.apache.velocity.runtime.log.SimpleLog4JLogSystem
2019-08-22 15:36:42,826 - Using logger class org.apache.velocity.runtime.log.SimpleLog4JLogSystem
2019-08-22 15:36:42,829 - Default ResourceManager initializing. (class org.apache.velocity.runtime.resource.ResourceManagerImpl)
2019-08-22 15:36:42,832 - Resource Loader Instantiated: org.apache.velocity.runtime.resource.loader.ClasspathResourceLoader
2019-08-22 15:36:42,833 - ClasspathResourceLoader : initialization starting.
2019-08-22 15:36:42,833 - ClasspathResourceLoader : initialization complete.
2019-08-22 15:36:42,835 - ResourceCache : initialized. (class org.apache.velocity.runtime.resource.ResourceCacheImpl)
2019-08-22 15:36:42,835 - Default ResourceManager initialization complete.
2019-08-22 15:36:42,837 - Loaded System Directive: org.apache.velocity.runtime.directive.Literal
2019-08-22 15:36:42,839 - Loaded System Directive: org.apache.velocity.runtime.directive.Macro
2019-08-22 15:36:42,842 - Loaded System Directive: org.apache.velocity.runtime.directive.Parse
2019-08-22 15:36:42,844 - Loaded System Directive: org.apache.velocity.runtime.directive.Include
2019-08-22 15:36:42,846 - Loaded System Directive: org.apache.velocity.runtime.directive.Foreach
2019-08-22 15:36:42,883 - Created: 20 parsers.
2019-08-22 15:36:42,892 - Velocimacro : initialization starting.
2019-08-22 15:36:42,893 - Velocimacro : adding VMs from VM library template : VM_global_library.vm
2019-08-22 15:36:42,896 - ResourceManager : unable to find resource 'VM_global_library.vm' in any resource loader.
2019-08-22 15:36:42,896 - Velocimacro : error using  VM library template VM_global_library.vm : org.apache.velocity.exception.ResourceNotFoundException: Unable to find resource 'VM_global_library.vm'
2019-08-22 15:36:42,896 - Velocimacro :  VM library template macro registration complete.
2019-08-22 15:36:42,896 - Velocimacro : allowInline = true : VMs can be defined inline in templates
2019-08-22 15:36:42,897 - Velocimacro : allowInlineToOverride = false : VMs defined inline may NOT replace previous VM definitions
2019-08-22 15:36:42,897 - Velocimacro : allowInlineLocal = false : VMs defined inline will be  global in scope if allowed.
2019-08-22 15:36:42,897 - Velocimacro : messages on  : VM system will output logging messages
2019-08-22 15:36:42,897 - Velocimacro : autoload off  : VM system will not automatically reload global library macros
2019-08-22 15:36:42,897 - Velocimacro : initialization complete.
2019-08-22 15:36:42,897 - Velocity successfully started.
2019-08-22 15:39:14,758 - SimpleLog4JLogSystem initialized using logfile 'velocity.log'
2019-08-22 15:39:14,759 - ************************************************************** 
2019-08-22 15:39:14,759 - Starting Jakarta Velocity v1.4
2019-08-22 15:39:14,759 - RuntimeInstance initializing.
2019-08-22 15:39:14,759 - Default Properties File: org\apache\velocity\runtime\defaults\velocity.properties
2019-08-22 15:39:14,759 - Trying to use logger class org.apache.velocity.runtime.log.SimpleLog4JLogSystem
2019-08-22 15:39:14,759 - Using logger class org.apache.velocity.runtime.log.SimpleLog4JLogSystem
2019-08-22 15:39:14,763 - Default ResourceManager initializing. (class org.apache.velocity.runtime.resource.ResourceManagerImpl)
2019-08-22 15:39:14,767 - Resource Loader Instantiated: org.apache.velocity.runtime.resource.loader.ClasspathResourceLoader
2019-08-22 15:39:14,767 - ClasspathResourceLoader : initialization starting.
2019-08-22 15:39:14,767 - ClasspathResourceLoader : initialization complete.
2019-08-22 15:39:14,769 - ResourceCache : initialized. (class org.apache.velocity.runtime.resource.ResourceCacheImpl)
2019-08-22 15:39:14,769 - Default ResourceManager initialization complete.
2019-08-22 15:39:14,770 - Loaded System Directive: org.apache.velocity.runtime.directive.Literal
2019-08-22 15:39:14,772 - Loaded System Directive: org.apache.velocity.runtime.directive.Macro
2019-08-22 15:39:14,775 - Loaded System Directive: org.apache.velocity.runtime.directive.Parse
2019-08-22 15:39:14,777 - Loaded System Directive: org.apache.velocity.runtime.directive.Include
2019-08-22 15:39:14,779 - Loaded System Directive: org.apache.velocity.runtime.directive.Foreach
2019-08-22 15:39:14,820 - Created: 20 parsers.
2019-08-22 15:39:14,827 - Velocimacro : initialization starting.
2019-08-22 15:39:14,827 - Velocimacro : adding VMs from VM library template : VM_global_library.vm
2019-08-22 15:39:14,832 - ResourceManager : unable to find resource 'VM_global_library.vm' in any resource loader.
2019-08-22 15:39:14,832 - Velocimacro : error using  VM library template VM_global_library.vm : org.apache.velocity.exception.ResourceNotFoundException: Unable to find resource 'VM_global_library.vm'
2019-08-22 15:39:14,832 - Velocimacro :  VM library template macro registration complete.
2019-08-22 15:39:14,832 - Velocimacro : allowInline = true : VMs can be defined inline in templates
2019-08-22 15:39:14,832 - Velocimacro : allowInlineToOverride = false : VMs defined inline may NOT replace previous VM definitions
2019-08-22 15:39:14,832 - Velocimacro : allowInlineLocal = false : VMs defined inline will be  global in scope if allowed.
2019-08-22 15:39:14,832 - Velocimacro : messages on  : VM system will output logging messages
2019-08-22 15:39:14,832 - Velocimacro : autoload off  : VM system will not automatically reload global library macros
2019-08-22 15:39:14,833 - Velocimacro : initialization complete.
2019-08-22 15:39:14,833 - Velocity successfully started.
2019-08-28 13:40:05,346 - SimpleLog4JLogSystem initialized using logfile 'velocity.log'
2019-08-28 13:40:05,347 - ************************************************************** 
2019-08-28 13:40:05,347 - Starting Jakarta Velocity v1.4
2019-08-28 13:40:05,347 - RuntimeInstance initializing.
2019-08-28 13:40:05,347 - Default Properties File: org\apache\velocity\runtime\defaults\velocity.properties
2019-08-28 13:40:05,347 - Trying to use logger class org.apache.velocity.runtime.log.SimpleLog4JLogSystem
2019-08-28 13:40:05,347 - Using logger class org.apache.velocity.runtime.log.SimpleLog4JLogSystem
2019-08-28 13:40:05,348 - Default ResourceManager initializing. (class org.apache.velocity.runtime.resource.ResourceManagerImpl)
2019-08-28 13:40:05,350 - Resource Loader Instantiated: org.apache.velocity.runtime.resource.loader.ClasspathResourceLoader
2019-08-28 13:40:05,350 - ClasspathResourceLoader : initialization starting.
2019-08-28 13:40:05,350 - ClasspathResourceLoader : initialization complete.
2019-08-28 13:40:05,351 - ResourceCache : initialized. (class org.apache.velocity.runtime.resource.ResourceCacheImpl)
2019-08-28 13:40:05,351 - Default ResourceManager initialization complete.
2019-08-28 13:40:05,352 - Loaded System Directive: org.apache.velocity.runtime.directive.Literal
2019-08-28 13:40:05,353 - Loaded System Directive: org.apache.velocity.runtime.directive.Macro
2019-08-28 13:40:05,354 - Loaded System Directive: org.apache.velocity.runtime.directive.Parse
2019-08-28 13:40:05,355 - Loaded System Directive: org.apache.velocity.runtime.directive.Include
2019-08-28 13:40:05,356 - Loaded System Directive: org.apache.velocity.runtime.directive.Foreach
2019-08-28 13:40:05,372 - Created: 20 parsers.
2019-08-28 13:40:05,376 - Velocimacro : initialization starting.
2019-08-28 13:40:05,376 - Velocimacro : adding VMs from VM library template : VM_global_library.vm
2019-08-28 13:40:05,378 - ResourceManager : unable to find resource 'VM_global_library.vm' in any resource loader.
2019-08-28 13:40:05,378 - Velocimacro : error using  VM library template VM_global_library.vm : org.apache.velocity.exception.ResourceNotFoundException: Unable to find resource 'VM_global_library.vm'
2019-08-28 13:40:05,378 - Velocimacro :  VM library template macro registration complete.
2019-08-28 13:40:05,378 - Velocimacro : allowInline = true : VMs can be defined inline in templates
2019-08-28 13:40:05,378 - Velocimacro : allowInlineToOverride = false : VMs defined inline may NOT replace previous VM definitions
2019-08-28 13:40:05,378 - Velocimacro : allowInlineLocal = false : VMs defined inline will be  global in scope if allowed.
2019-08-28 13:40:05,378 - Velocimacro : messages on  : VM system will output logging messages
2019-08-28 13:40:05,378 - Velocimacro : autoload off  : VM system will not automatically reload global library macros
2019-08-28 13:40:05,378 - Velocimacro : initialization complete.
2019-08-28 13:40:05,378 - Velocity successfully started.
2019-08-28 13:40:51,574 - SimpleLog4JLogSystem initialized using logfile 'velocity.log'
2019-08-28 13:40:51,574 - ************************************************************** 
2019-08-28 13:40:51,574 - Starting Jakarta Velocity v1.4
2019-08-28 13:40:51,574 - RuntimeInstance initializing.
2019-08-28 13:40:51,574 - Default Properties File: org\apache\velocity\runtime\defaults\velocity.properties
2019-08-28 13:40:51,574 - Trying to use logger class org.apache.velocity.runtime.log.SimpleLog4JLogSystem
2019-08-28 13:40:51,574 - Using logger class org.apache.velocity.runtime.log.SimpleLog4JLogSystem
2019-08-28 13:40:51,576 - Default ResourceManager initializing. (class org.apache.velocity.runtime.resource.ResourceManagerImpl)
2019-08-28 13:40:51,577 - Resource Loader Instantiated: org.apache.velocity.runtime.resource.loader.ClasspathResourceLoader
2019-08-28 13:40:51,577 - ClasspathResourceLoader : initialization starting.
2019-08-28 13:40:51,577 - ClasspathResourceLoader : initialization complete.
2019-08-28 13:40:51,578 - ResourceCache : initialized. (class org.apache.velocity.runtime.resource.ResourceCacheImpl)
2019-08-28 13:40:51,578 - Default ResourceManager initialization complete.
2019-08-28 13:40:51,580 - Loaded System Directive: org.apache.velocity.runtime.directive.Literal
2019-08-28 13:40:51,580 - Loaded System Directive: org.apache.velocity.runtime.directive.Macro
2019-08-28 13:40:51,582 - Loaded System Directive: org.apache.velocity.runtime.directive.Parse
2019-08-28 13:40:51,583 - Loaded System Directive: org.apache.velocity.runtime.directive.Include
2019-08-28 13:40:51,584 - Loaded System Directive: org.apache.velocity.runtime.directive.Foreach
2019-08-28 13:40:51,602 - Created: 20 parsers.
2019-08-28 13:40:51,605 - Velocimacro : initialization starting.
2019-08-28 13:40:51,605 - Velocimacro : adding VMs from VM library template : VM_global_library.vm
2019-08-28 13:40:51,608 - ResourceManager : unable to find resource 'VM_global_library.vm' in any resource loader.
2019-08-28 13:40:51,608 - Velocimacro : error using  VM library template VM_global_library.vm : org.apache.velocity.exception.ResourceNotFoundException: Unable to find resource 'VM_global_library.vm'
2019-08-28 13:40:51,608 - Velocimacro :  VM library template macro registration complete.
2019-08-28 13:40:51,608 - Velocimacro : allowInline = true : VMs can be defined inline in templates
2019-08-28 13:40:51,608 - Velocimacro : allowInlineToOverride = false : VMs defined inline may NOT replace previous VM definitions
2019-08-28 13:40:51,608 - Velocimacro : allowInlineLocal = false : VMs defined inline will be  global in scope if allowed.
2019-08-28 13:40:51,608 - Velocimacro : messages on  : VM system will output logging messages
2019-08-28 13:40:51,608 - Velocimacro : autoload off  : VM system will not automatically reload global library macros
2019-08-28 13:40:51,608 - Velocimacro : initialization complete.
2019-08-28 13:40:51,608 - Velocity successfully started.
2019-08-28 13:44:31,416 - SimpleLog4JLogSystem initialized using logfile 'velocity.log'
2019-08-28 13:44:31,416 - ************************************************************** 
2019-08-28 13:44:31,416 - Starting Jakarta Velocity v1.4
2019-08-28 13:44:31,416 - RuntimeInstance initializing.
2019-08-28 13:44:31,416 - Default Properties File: org\apache\velocity\runtime\defaults\velocity.properties
2019-08-28 13:44:31,416 - Trying to use logger class org.apache.velocity.runtime.log.SimpleLog4JLogSystem
2019-08-28 13:44:31,416 - Using logger class org.apache.velocity.runtime.log.SimpleLog4JLogSystem
2019-08-28 13:44:31,418 - Default ResourceManager initializing. (class org.apache.velocity.runtime.resource.ResourceManagerImpl)
2019-08-28 13:44:31,420 - Resource Loader Instantiated: org.apache.velocity.runtime.resource.loader.ClasspathResourceLoader
2019-08-28 13:44:31,420 - ClasspathResourceLoader : initialization starting.
2019-08-28 13:44:31,420 - ClasspathResourceLoader : initialization complete.
2019-08-28 13:44:31,421 - ResourceCache : initialized. (class org.apache.velocity.runtime.resource.ResourceCacheImpl)
2019-08-28 13:44:31,421 - Default ResourceManager initialization complete.
2019-08-28 13:44:31,422 - Loaded System Directive: org.apache.velocity.runtime.directive.Literal
2019-08-28 13:44:31,423 - Loaded System Directive: org.apache.velocity.runtime.directive.Macro
2019-08-28 13:44:31,425 - Loaded System Directive: org.apache.velocity.runtime.directive.Parse
2019-08-28 13:44:31,426 - Loaded System Directive: org.apache.velocity.runtime.directive.Include
2019-08-28 13:44:31,427 - Loaded System Directive: org.apache.velocity.runtime.directive.Foreach
2019-08-28 13:44:31,448 - Created: 20 parsers.
2019-08-28 13:44:31,451 - Velocimacro : initialization starting.
2019-08-28 13:44:31,451 - Velocimacro : adding VMs from VM library template : VM_global_library.vm
2019-08-28 13:44:31,453 - ResourceManager : unable to find resource 'VM_global_library.vm' in any resource loader.
2019-08-28 13:44:31,453 - Velocimacro : error using  VM library template VM_global_library.vm : org.apache.velocity.exception.ResourceNotFoundException: Unable to find resource 'VM_global_library.vm'
2019-08-28 13:44:31,453 - Velocimacro :  VM library template macro registration complete.
2019-08-28 13:44:31,453 - Velocimacro : allowInline = true : VMs can be defined inline in templates
2019-08-28 13:44:31,453 - Velocimacro : allowInlineToOverride = false : VMs defined inline may NOT replace previous VM definitions
2019-08-28 13:44:31,453 - Velocimacro : allowInlineLocal = false : VMs defined inline will be  global in scope if allowed.
2019-08-28 13:44:31,453 - Velocimacro : messages on  : VM system will output logging messages
2019-08-28 13:44:31,453 - Velocimacro : autoload off  : VM system will not automatically reload global library macros
2019-08-28 13:44:31,453 - Velocimacro : initialization complete.
2019-08-28 13:44:31,453 - Velocity successfully started.
2019-08-28 13:46:48,915 - SimpleLog4JLogSystem initialized using logfile 'velocity.log'
2019-08-28 13:46:48,915 - ************************************************************** 
2019-08-28 13:46:48,915 - Starting Jakarta Velocity v1.4
2019-08-28 13:46:48,915 - RuntimeInstance initializing.
2019-08-28 13:46:48,915 - Default Properties File: org\apache\velocity\runtime\defaults\velocity.properties
2019-08-28 13:46:48,915 - Trying to use logger class org.apache.velocity.runtime.log.SimpleLog4JLogSystem
2019-08-28 13:46:48,915 - Using logger class org.apache.velocity.runtime.log.SimpleLog4JLogSystem
2019-08-28 13:46:48,917 - Default ResourceManager initializing. (class org.apache.velocity.runtime.resource.ResourceManagerImpl)
2019-08-28 13:46:48,919 - Resource Loader Instantiated: org.apache.velocity.runtime.resource.loader.ClasspathResourceLoader
2019-08-28 13:46:48,919 - ClasspathResourceLoader : initialization starting.
2019-08-28 13:46:48,919 - ClasspathResourceLoader : initialization complete.
2019-08-28 13:46:48,920 - ResourceCache : initialized. (class org.apache.velocity.runtime.resource.ResourceCacheImpl)
2019-08-28 13:46:48,920 - Default ResourceManager initialization complete.
2019-08-28 13:46:48,922 - Loaded System Directive: org.apache.velocity.runtime.directive.Literal
2019-08-28 13:46:48,923 - Loaded System Directive: org.apache.velocity.runtime.directive.Macro
2019-08-28 13:46:48,925 - Loaded System Directive: org.apache.velocity.runtime.directive.Parse
2019-08-28 13:46:48,926 - Loaded System Directive: org.apache.velocity.runtime.directive.Include
2019-08-28 13:46:48,927 - Loaded System Directive: org.apache.velocity.runtime.directive.Foreach
2019-08-28 13:46:48,948 - Created: 20 parsers.
2019-08-28 13:46:48,952 - Velocimacro : initialization starting.
2019-08-28 13:46:48,952 - Velocimacro : adding VMs from VM library template : VM_global_library.vm
2019-08-28 13:46:48,954 - ResourceManager : unable to find resource 'VM_global_library.vm' in any resource loader.
2019-08-28 13:46:48,954 - Velocimacro : error using  VM library template VM_global_library.vm : org.apache.velocity.exception.ResourceNotFoundException: Unable to find resource 'VM_global_library.vm'
2019-08-28 13:46:48,954 - Velocimacro :  VM library template macro registration complete.
2019-08-28 13:46:48,954 - Velocimacro : allowInline = true : VMs can be defined inline in templates
2019-08-28 13:46:48,954 - Velocimacro : allowInlineToOverride = false : VMs defined inline may NOT replace previous VM definitions
2019-08-28 13:46:48,954 - Velocimacro : allowInlineLocal = false : VMs defined inline will be  global in scope if allowed.
2019-08-28 13:46:48,954 - Velocimacro : messages on  : VM system will output logging messages
2019-08-28 13:46:48,954 - Velocimacro : autoload off  : VM system will not automatically reload global library macros
2019-08-28 13:46:48,954 - Velocimacro : initialization complete.
2019-08-28 13:46:48,954 - Velocity successfully started.
2019-08-28 13:48:41,587 - SimpleLog4JLogSystem initialized using logfile 'velocity.log'
2019-08-28 13:48:41,587 - ************************************************************** 
2019-08-28 13:48:41,587 - Starting Jakarta Velocity v1.4
2019-08-28 13:48:41,588 - RuntimeInstance initializing.
2019-08-28 13:48:41,588 - Default Properties File: org\apache\velocity\runtime\defaults\velocity.properties
2019-08-28 13:48:41,588 - Trying to use logger class org.apache.velocity.runtime.log.SimpleLog4JLogSystem
2019-08-28 13:48:41,588 - Using logger class org.apache.velocity.runtime.log.SimpleLog4JLogSystem
2019-08-28 13:48:41,591 - Default ResourceManager initializing. (class org.apache.velocity.runtime.resource.ResourceManagerImpl)
2019-08-28 13:48:41,595 - Resource Loader Instantiated: org.apache.velocity.runtime.resource.loader.ClasspathResourceLoader
2019-08-28 13:48:41,595 - ClasspathResourceLoader : initialization starting.
2019-08-28 13:48:41,595 - ClasspathResourceLoader : initialization complete.
2019-08-28 13:48:41,597 - ResourceCache : initialized. (class org.apache.velocity.runtime.resource.ResourceCacheImpl)
2019-08-28 13:48:41,597 - Default ResourceManager initialization complete.
2019-08-28 13:48:41,599 - Loaded System Directive: org.apache.velocity.runtime.directive.Literal
2019-08-28 13:48:41,601 - Loaded System Directive: org.apache.velocity.runtime.directive.Macro
2019-08-28 13:48:41,604 - Loaded System Directive: org.apache.velocity.runtime.directive.Parse
2019-08-28 13:48:41,606 - Loaded System Directive: org.apache.velocity.runtime.directive.Include
2019-08-28 13:48:41,608 - Loaded System Directive: org.apache.velocity.runtime.directive.Foreach
2019-08-28 13:48:41,644 - Created: 20 parsers.
2019-08-28 13:48:41,652 - Velocimacro : initialization starting.
2019-08-28 13:48:41,653 - Velocimacro : adding VMs from VM library template : VM_global_library.vm
2019-08-28 13:48:41,656 - ResourceManager : unable to find resource 'VM_global_library.vm' in any resource loader.
2019-08-28 13:48:41,656 - Velocimacro : error using  VM library template VM_global_library.vm : org.apache.velocity.exception.ResourceNotFoundException: Unable to find resource 'VM_global_library.vm'
2019-08-28 13:48:41,656 - Velocimacro :  VM library template macro registration complete.
2019-08-28 13:48:41,656 - Velocimacro : allowInline = true : VMs can be defined inline in templates
2019-08-28 13:48:41,656 - Velocimacro : allowInlineToOverride = false : VMs defined inline may NOT replace previous VM definitions
2019-08-28 13:48:41,656 - Velocimacro : allowInlineLocal = false : VMs defined inline will be  global in scope if allowed.
2019-08-28 13:48:41,657 - Velocimacro : messages on  : VM system will output logging messages
2019-08-28 13:48:41,657 - Velocimacro : autoload off  : VM system will not automatically reload global library macros
2019-08-28 13:48:41,657 - Velocimacro : initialization complete.
2019-08-28 13:48:41,657 - Velocity successfully started.
